[2024-11-18T17:35:20.029+0000] {taskinstance.py:1956} INFO - Dependencies all met for dep_context=non-requeueable deps ti=<TaskInstance: spotify_recommender_dag_v3.preprocess_and_split manual__2024-11-18T17:35:12.582627+00:00 [queued]>
[2024-11-18T17:35:20.033+0000] {taskinstance.py:1956} INFO - Dependencies all met for dep_context=requeueable deps ti=<TaskInstance: spotify_recommender_dag_v3.preprocess_and_split manual__2024-11-18T17:35:12.582627+00:00 [queued]>
[2024-11-18T17:35:20.033+0000] {taskinstance.py:2170} INFO - Starting attempt 1 of 2
[2024-11-18T17:35:20.040+0000] {taskinstance.py:2191} INFO - Executing <Task(_PythonVirtualenvDecoratedOperator): preprocess_and_split> on 2024-11-18 17:35:12.582627+00:00
[2024-11-18T17:35:20.042+0000] {standard_task_runner.py:60} INFO - Started process 1011 to run task
[2024-11-18T17:35:20.044+0000] {standard_task_runner.py:87} INFO - Running: ['***', 'tasks', 'run', 'spotify_recommender_dag_v3', 'preprocess_and_split', 'manual__2024-11-18T17:35:12.582627+00:00', '--job-id', '39', '--raw', '--subdir', 'DAGS_FOLDER/music_process.py', '--cfg-path', '/tmp/tmp349tr1sw']
[2024-11-18T17:35:20.045+0000] {standard_task_runner.py:88} INFO - Job 39: Subtask preprocess_and_split
[2024-11-18T17:35:20.071+0000] {task_command.py:423} INFO - Running <TaskInstance: spotify_recommender_dag_v3.preprocess_and_split manual__2024-11-18T17:35:12.582627+00:00 [running]> on host 98017b53a184
[2024-11-18T17:35:20.709+0000] {taskinstance.py:2480} INFO - Exporting env vars: AIRFLOW_CTX_DAG_OWNER='Martín Horn' AIRFLOW_CTX_DAG_ID='spotify_recommender_dag_v3' AIRFLOW_CTX_TASK_ID='preprocess_and_split' AIRFLOW_CTX_EXECUTION_DATE='2024-11-18T17:35:12.582627+00:00' AIRFLOW_CTX_TRY_NUMBER='1' AIRFLOW_CTX_DAG_RUN_ID='manual__2024-11-18T17:35:12.582627+00:00'
[2024-11-18T17:35:20.710+0000] {process_utils.py:182} INFO - Executing cmd: /usr/local/bin/python -m virtualenv /tmp/venvkeuvuetu --system-site-packages --python=python
[2024-11-18T17:35:20.714+0000] {process_utils.py:186} INFO - Output:
[2024-11-18T17:35:21.039+0000] {process_utils.py:190} INFO - created virtual environment CPython3.8.18.final.0-64 in 118ms
[2024-11-18T17:35:21.039+0000] {process_utils.py:190} INFO -   creator CPython3Posix(dest=/tmp/venvkeuvuetu, clear=False, no_vcs_ignore=False, global=True)
[2024-11-18T17:35:21.040+0000] {process_utils.py:190} INFO -   seeder FromAppData(download=False, pip=bundle, setuptools=bundle, wheel=bundle, via=copy, app_data_dir=/home/***/.local/share/virtualenv)
[2024-11-18T17:35:21.040+0000] {process_utils.py:190} INFO -     added seed packages: pip==23.3.1, setuptools==69.0.2, wheel==0.42.0
[2024-11-18T17:35:21.040+0000] {process_utils.py:190} INFO -   activators BashActivator,CShellActivator,FishActivator,NushellActivator,PowerShellActivator,PythonActivator
[2024-11-18T17:35:21.057+0000] {process_utils.py:182} INFO - Executing cmd: /tmp/venvkeuvuetu/bin/pip install -r /tmp/venvkeuvuetu/requirements.txt
[2024-11-18T17:35:21.060+0000] {process_utils.py:186} INFO - Output:
[2024-11-18T17:35:22.001+0000] {process_utils.py:190} INFO - Collecting boto3==1.28.0 (from -r /tmp/venvkeuvuetu/requirements.txt (line 1))
[2024-11-18T17:35:22.003+0000] {process_utils.py:190} INFO -   Using cached boto3-1.28.0-py3-none-any.whl.metadata (6.6 kB)
[2024-11-18T17:35:22.003+0000] {process_utils.py:190} INFO - Requirement already satisfied: pandas==2.0.3 in /home/***/.local/lib/python3.8/site-packages (from -r /tmp/venvkeuvuetu/requirements.txt (line 2)) (2.0.3)
[2024-11-18T17:35:22.004+0000] {process_utils.py:190} INFO - Requirement already satisfied: scikit-learn==1.3.2 in /home/***/.local/lib/python3.8/site-packages (from -r /tmp/venvkeuvuetu/requirements.txt (line 3)) (1.3.2)
[2024-11-18T17:35:22.403+0000] {process_utils.py:190} INFO - Collecting botocore<1.32.0,>=1.31.0 (from boto3==1.28.0->-r /tmp/venvkeuvuetu/requirements.txt (line 1))
[2024-11-18T17:35:22.404+0000] {process_utils.py:190} INFO -   Using cached botocore-1.31.85-py3-none-any.whl.metadata (6.1 kB)
[2024-11-18T17:35:22.405+0000] {process_utils.py:190} INFO - Requirement already satisfied: jmespath<2.0.0,>=0.7.1 in /home/***/.local/lib/python3.8/site-packages (from boto3==1.28.0->-r /tmp/venvkeuvuetu/requirements.txt (line 1)) (0.10.0)
[2024-11-18T17:35:22.430+0000] {process_utils.py:190} INFO - Collecting s3transfer<0.7.0,>=0.6.0 (from boto3==1.28.0->-r /tmp/venvkeuvuetu/requirements.txt (line 1))
[2024-11-18T17:35:22.431+0000] {process_utils.py:190} INFO -   Using cached s3transfer-0.6.2-py3-none-any.whl.metadata (1.8 kB)
[2024-11-18T17:35:22.485+0000] {process_utils.py:190} INFO - Requirement already satisfied: python-dateutil>=2.8.2 in /home/***/.local/lib/python3.8/site-packages (from pandas==2.0.3->-r /tmp/venvkeuvuetu/requirements.txt (line 2)) (2.8.2)
[2024-11-18T17:35:22.485+0000] {process_utils.py:190} INFO - Requirement already satisfied: pytz>=2020.1 in /home/***/.local/lib/python3.8/site-packages (from pandas==2.0.3->-r /tmp/venvkeuvuetu/requirements.txt (line 2)) (2023.3.post1)
[2024-11-18T17:35:22.485+0000] {process_utils.py:190} INFO - Requirement already satisfied: tzdata>=2022.1 in /home/***/.local/lib/python3.8/site-packages (from pandas==2.0.3->-r /tmp/venvkeuvuetu/requirements.txt (line 2)) (2023.4)
[2024-11-18T17:35:22.486+0000] {process_utils.py:190} INFO - Requirement already satisfied: numpy>=1.20.3 in /home/***/.local/lib/python3.8/site-packages (from pandas==2.0.3->-r /tmp/venvkeuvuetu/requirements.txt (line 2)) (1.24.4)
[2024-11-18T17:35:22.506+0000] {process_utils.py:190} INFO - Requirement already satisfied: scipy>=1.5.0 in /home/***/.local/lib/python3.8/site-packages (from scikit-learn==1.3.2->-r /tmp/venvkeuvuetu/requirements.txt (line 3)) (1.10.1)
[2024-11-18T17:35:22.507+0000] {process_utils.py:190} INFO - Requirement already satisfied: joblib>=1.1.1 in /home/***/.local/lib/python3.8/site-packages (from scikit-learn==1.3.2->-r /tmp/venvkeuvuetu/requirements.txt (line 3)) (1.4.2)
[2024-11-18T17:35:22.507+0000] {process_utils.py:190} INFO - Requirement already satisfied: threadpoolctl>=2.0.0 in /home/***/.local/lib/python3.8/site-packages (from scikit-learn==1.3.2->-r /tmp/venvkeuvuetu/requirements.txt (line 3)) (3.5.0)
[2024-11-18T17:35:22.513+0000] {process_utils.py:190} INFO - Requirement already satisfied: urllib3<1.27,>=1.25.4 in /home/***/.local/lib/python3.8/site-packages (from botocore<1.32.0,>=1.31.0->boto3==1.28.0->-r /tmp/venvkeuvuetu/requirements.txt (line 1)) (1.26.18)
[2024-11-18T17:35:22.516+0000] {process_utils.py:190} INFO - Requirement already satisfied: six>=1.5 in /home/***/.local/lib/python3.8/site-packages (from python-dateutil>=2.8.2->pandas==2.0.3->-r /tmp/venvkeuvuetu/requirements.txt (line 2)) (1.16.0)
[2024-11-18T17:35:22.670+0000] {process_utils.py:190} INFO - Using cached boto3-1.28.0-py3-none-any.whl (135 kB)
[2024-11-18T17:35:22.671+0000] {process_utils.py:190} INFO - Using cached botocore-1.31.85-py3-none-any.whl (11.3 MB)
[2024-11-18T17:35:22.682+0000] {process_utils.py:190} INFO - Using cached s3transfer-0.6.2-py3-none-any.whl (79 kB)
[2024-11-18T17:35:24.425+0000] {process_utils.py:190} INFO - Installing collected packages: botocore, s3transfer, boto3
[2024-11-18T17:35:24.426+0000] {process_utils.py:190} INFO -   Attempting uninstall: botocore
[2024-11-18T17:35:24.426+0000] {process_utils.py:190} INFO -     Found existing installation: botocore 1.35.44
[2024-11-18T17:35:24.426+0000] {process_utils.py:190} INFO -     Not uninstalling botocore at /home/***/.local/lib/python3.8/site-packages, outside environment /tmp/venvkeuvuetu
[2024-11-18T17:35:24.426+0000] {process_utils.py:190} INFO -     Can't uninstall 'botocore'. No files were found to uninstall.
[2024-11-18T17:35:24.852+0000] {process_utils.py:190} INFO -   Attempting uninstall: s3transfer
[2024-11-18T17:35:24.854+0000] {process_utils.py:190} INFO -     Found existing installation: s3transfer 0.10.3
[2024-11-18T17:35:24.854+0000] {process_utils.py:190} INFO -     Not uninstalling s3transfer at /home/***/.local/lib/python3.8/site-packages, outside environment /tmp/venvkeuvuetu
[2024-11-18T17:35:24.854+0000] {process_utils.py:190} INFO -     Can't uninstall 's3transfer'. No files were found to uninstall.
[2024-11-18T17:35:24.875+0000] {process_utils.py:190} INFO -   Attempting uninstall: boto3
[2024-11-18T17:35:24.876+0000] {process_utils.py:190} INFO -     Found existing installation: boto3 1.35.44
[2024-11-18T17:35:24.876+0000] {process_utils.py:190} INFO -     Not uninstalling boto3 at /home/***/.local/lib/python3.8/site-packages, outside environment /tmp/venvkeuvuetu
[2024-11-18T17:35:24.876+0000] {process_utils.py:190} INFO -     Can't uninstall 'boto3'. No files were found to uninstall.
[2024-11-18T17:35:24.905+0000] {process_utils.py:190} INFO - ERROR: pip's dependency resolver does not currently take into account all the packages that are installed. This behaviour is the source of the following dependency conflicts.
[2024-11-18T17:35:24.906+0000] {process_utils.py:190} INFO - aiobotocore 2.9.0 requires botocore<1.33.14,>=1.33.2, but you have botocore 1.31.85 which is incompatible.
[2024-11-18T17:35:24.907+0000] {process_utils.py:190} INFO - Successfully installed boto3-1.28.0 botocore-1.31.85 s3transfer-0.6.2
[2024-11-18T17:35:24.980+0000] {process_utils.py:190} INFO - 
[2024-11-18T17:35:24.980+0000] {process_utils.py:190} INFO - [notice] A new release of pip is available: 23.3.1 -> 24.3.1
[2024-11-18T17:35:24.980+0000] {process_utils.py:190} INFO - [notice] To update, run: python -m pip install --upgrade pip
[2024-11-18T17:35:25.098+0000] {process_utils.py:182} INFO - Executing cmd: /tmp/venvkeuvuetu/bin/python /tmp/venv-callylqid3xz/script.py /tmp/venv-callylqid3xz/script.in /tmp/venv-callylqid3xz/script.out /tmp/venv-callylqid3xz/string_args.txt /tmp/venv-callylqid3xz/termination.log
[2024-11-18T17:35:25.102+0000] {process_utils.py:186} INFO - Output:
[2024-11-18T17:35:27.089+0000] {python.py:201} INFO - Done. Returned value was: Data preprocessed and saved.
[2024-11-18T17:35:27.102+0000] {taskinstance.py:1138} INFO - Marking task as SUCCESS. dag_id=spotify_recommender_dag_v3, task_id=preprocess_and_split, execution_date=20241118T173512, start_date=20241118T173520, end_date=20241118T173527
[2024-11-18T17:35:27.140+0000] {local_task_job_runner.py:234} INFO - Task exited with return code 0
[2024-11-18T17:35:27.149+0000] {taskinstance.py:3280} INFO - 0 downstream tasks scheduled from follow-on schedule check
