[2024-11-18T18:04:44.463+0000] {taskinstance.py:1956} INFO - Dependencies all met for dep_context=non-requeueable deps ti=<TaskInstance: spotify_recommender_dag_v3.preprocess_and_split scheduled__2024-11-17T00:00:00+00:00 [queued]>
[2024-11-18T18:04:44.468+0000] {taskinstance.py:1956} INFO - Dependencies all met for dep_context=requeueable deps ti=<TaskInstance: spotify_recommender_dag_v3.preprocess_and_split scheduled__2024-11-17T00:00:00+00:00 [queued]>
[2024-11-18T18:04:44.468+0000] {taskinstance.py:2170} INFO - Starting attempt 1 of 2
[2024-11-18T18:04:44.475+0000] {taskinstance.py:2191} INFO - Executing <Task(_PythonVirtualenvDecoratedOperator): preprocess_and_split> on 2024-11-17 00:00:00+00:00
[2024-11-18T18:04:44.477+0000] {standard_task_runner.py:60} INFO - Started process 4014 to run task
[2024-11-18T18:04:44.479+0000] {standard_task_runner.py:87} INFO - Running: ['***', 'tasks', 'run', 'spotify_recommender_dag_v3', 'preprocess_and_split', 'scheduled__2024-11-17T00:00:00+00:00', '--job-id', '68', '--raw', '--subdir', 'DAGS_FOLDER/music_process.py', '--cfg-path', '/tmp/tmp7v7c17ys']
[2024-11-18T18:04:44.480+0000] {standard_task_runner.py:88} INFO - Job 68: Subtask preprocess_and_split
[2024-11-18T18:04:44.506+0000] {task_command.py:423} INFO - Running <TaskInstance: spotify_recommender_dag_v3.preprocess_and_split scheduled__2024-11-17T00:00:00+00:00 [running]> on host 98017b53a184
[2024-11-18T18:04:45.186+0000] {taskinstance.py:2480} INFO - Exporting env vars: AIRFLOW_CTX_DAG_OWNER='Martín Horn' AIRFLOW_CTX_DAG_ID='spotify_recommender_dag_v3' AIRFLOW_CTX_TASK_ID='preprocess_and_split' AIRFLOW_CTX_EXECUTION_DATE='2024-11-17T00:00:00+00:00' AIRFLOW_CTX_TRY_NUMBER='1' AIRFLOW_CTX_DAG_RUN_ID='scheduled__2024-11-17T00:00:00+00:00'
[2024-11-18T18:04:45.188+0000] {process_utils.py:182} INFO - Executing cmd: /usr/local/bin/python -m virtualenv /tmp/venvin5hz7s3 --system-site-packages --python=python
[2024-11-18T18:04:45.193+0000] {process_utils.py:186} INFO - Output:
[2024-11-18T18:04:45.540+0000] {process_utils.py:190} INFO - created virtual environment CPython3.8.18.final.0-64 in 125ms
[2024-11-18T18:04:45.540+0000] {process_utils.py:190} INFO -   creator CPython3Posix(dest=/tmp/venvin5hz7s3, clear=False, no_vcs_ignore=False, global=True)
[2024-11-18T18:04:45.541+0000] {process_utils.py:190} INFO -   seeder FromAppData(download=False, pip=bundle, setuptools=bundle, wheel=bundle, via=copy, app_data_dir=/home/***/.local/share/virtualenv)
[2024-11-18T18:04:45.541+0000] {process_utils.py:190} INFO -     added seed packages: pip==23.3.1, setuptools==69.0.2, wheel==0.42.0
[2024-11-18T18:04:45.541+0000] {process_utils.py:190} INFO -   activators BashActivator,CShellActivator,FishActivator,NushellActivator,PowerShellActivator,PythonActivator
[2024-11-18T18:04:45.558+0000] {process_utils.py:182} INFO - Executing cmd: /tmp/venvin5hz7s3/bin/pip install -r /tmp/venvin5hz7s3/requirements.txt
[2024-11-18T18:04:45.562+0000] {process_utils.py:186} INFO - Output:
[2024-11-18T18:04:46.498+0000] {process_utils.py:190} INFO - Collecting boto3==1.28.0 (from -r /tmp/venvin5hz7s3/requirements.txt (line 1))
[2024-11-18T18:04:46.499+0000] {process_utils.py:190} INFO -   Using cached boto3-1.28.0-py3-none-any.whl.metadata (6.6 kB)
[2024-11-18T18:04:46.500+0000] {process_utils.py:190} INFO - Requirement already satisfied: pandas==2.0.3 in /home/***/.local/lib/python3.8/site-packages (from -r /tmp/venvin5hz7s3/requirements.txt (line 2)) (2.0.3)
[2024-11-18T18:04:46.501+0000] {process_utils.py:190} INFO - Requirement already satisfied: scikit-learn==1.3.2 in /home/***/.local/lib/python3.8/site-packages (from -r /tmp/venvin5hz7s3/requirements.txt (line 3)) (1.3.2)
[2024-11-18T18:04:46.908+0000] {process_utils.py:190} INFO - Collecting botocore<1.32.0,>=1.31.0 (from boto3==1.28.0->-r /tmp/venvin5hz7s3/requirements.txt (line 1))
[2024-11-18T18:04:46.910+0000] {process_utils.py:190} INFO -   Using cached botocore-1.31.85-py3-none-any.whl.metadata (6.1 kB)
[2024-11-18T18:04:46.911+0000] {process_utils.py:190} INFO - Requirement already satisfied: jmespath<2.0.0,>=0.7.1 in /home/***/.local/lib/python3.8/site-packages (from boto3==1.28.0->-r /tmp/venvin5hz7s3/requirements.txt (line 1)) (0.10.0)
[2024-11-18T18:04:46.935+0000] {process_utils.py:190} INFO - Collecting s3transfer<0.7.0,>=0.6.0 (from boto3==1.28.0->-r /tmp/venvin5hz7s3/requirements.txt (line 1))
[2024-11-18T18:04:46.936+0000] {process_utils.py:190} INFO -   Using cached s3transfer-0.6.2-py3-none-any.whl.metadata (1.8 kB)
[2024-11-18T18:04:46.989+0000] {process_utils.py:190} INFO - Requirement already satisfied: python-dateutil>=2.8.2 in /home/***/.local/lib/python3.8/site-packages (from pandas==2.0.3->-r /tmp/venvin5hz7s3/requirements.txt (line 2)) (2.8.2)
[2024-11-18T18:04:46.990+0000] {process_utils.py:190} INFO - Requirement already satisfied: pytz>=2020.1 in /home/***/.local/lib/python3.8/site-packages (from pandas==2.0.3->-r /tmp/venvin5hz7s3/requirements.txt (line 2)) (2023.3.post1)
[2024-11-18T18:04:46.990+0000] {process_utils.py:190} INFO - Requirement already satisfied: tzdata>=2022.1 in /home/***/.local/lib/python3.8/site-packages (from pandas==2.0.3->-r /tmp/venvin5hz7s3/requirements.txt (line 2)) (2023.4)
[2024-11-18T18:04:46.990+0000] {process_utils.py:190} INFO - Requirement already satisfied: numpy>=1.20.3 in /home/***/.local/lib/python3.8/site-packages (from pandas==2.0.3->-r /tmp/venvin5hz7s3/requirements.txt (line 2)) (1.24.4)
[2024-11-18T18:04:47.010+0000] {process_utils.py:190} INFO - Requirement already satisfied: scipy>=1.5.0 in /home/***/.local/lib/python3.8/site-packages (from scikit-learn==1.3.2->-r /tmp/venvin5hz7s3/requirements.txt (line 3)) (1.10.1)
[2024-11-18T18:04:47.011+0000] {process_utils.py:190} INFO - Requirement already satisfied: joblib>=1.1.1 in /home/***/.local/lib/python3.8/site-packages (from scikit-learn==1.3.2->-r /tmp/venvin5hz7s3/requirements.txt (line 3)) (1.4.2)
[2024-11-18T18:04:47.011+0000] {process_utils.py:190} INFO - Requirement already satisfied: threadpoolctl>=2.0.0 in /home/***/.local/lib/python3.8/site-packages (from scikit-learn==1.3.2->-r /tmp/venvin5hz7s3/requirements.txt (line 3)) (3.5.0)
[2024-11-18T18:04:47.016+0000] {process_utils.py:190} INFO - Requirement already satisfied: urllib3<1.27,>=1.25.4 in /home/***/.local/lib/python3.8/site-packages (from botocore<1.32.0,>=1.31.0->boto3==1.28.0->-r /tmp/venvin5hz7s3/requirements.txt (line 1)) (1.26.18)
[2024-11-18T18:04:47.020+0000] {process_utils.py:190} INFO - Requirement already satisfied: six>=1.5 in /home/***/.local/lib/python3.8/site-packages (from python-dateutil>=2.8.2->pandas==2.0.3->-r /tmp/venvin5hz7s3/requirements.txt (line 2)) (1.16.0)
[2024-11-18T18:04:47.166+0000] {process_utils.py:190} INFO - Using cached boto3-1.28.0-py3-none-any.whl (135 kB)
[2024-11-18T18:04:47.167+0000] {process_utils.py:190} INFO - Using cached botocore-1.31.85-py3-none-any.whl (11.3 MB)
[2024-11-18T18:04:47.177+0000] {process_utils.py:190} INFO - Using cached s3transfer-0.6.2-py3-none-any.whl (79 kB)
[2024-11-18T18:04:48.867+0000] {process_utils.py:190} INFO - Installing collected packages: botocore, s3transfer, boto3
[2024-11-18T18:04:48.867+0000] {process_utils.py:190} INFO -   Attempting uninstall: botocore
[2024-11-18T18:04:48.868+0000] {process_utils.py:190} INFO -     Found existing installation: botocore 1.35.44
[2024-11-18T18:04:48.868+0000] {process_utils.py:190} INFO -     Not uninstalling botocore at /home/***/.local/lib/python3.8/site-packages, outside environment /tmp/venvin5hz7s3
[2024-11-18T18:04:48.869+0000] {process_utils.py:190} INFO -     Can't uninstall 'botocore'. No files were found to uninstall.
[2024-11-18T18:04:49.263+0000] {process_utils.py:190} INFO -   Attempting uninstall: s3transfer
[2024-11-18T18:04:49.265+0000] {process_utils.py:190} INFO -     Found existing installation: s3transfer 0.10.3
[2024-11-18T18:04:49.265+0000] {process_utils.py:190} INFO -     Not uninstalling s3transfer at /home/***/.local/lib/python3.8/site-packages, outside environment /tmp/venvin5hz7s3
[2024-11-18T18:04:49.265+0000] {process_utils.py:190} INFO -     Can't uninstall 's3transfer'. No files were found to uninstall.
[2024-11-18T18:04:49.287+0000] {process_utils.py:190} INFO -   Attempting uninstall: boto3
[2024-11-18T18:04:49.287+0000] {process_utils.py:190} INFO -     Found existing installation: boto3 1.35.44
[2024-11-18T18:04:49.288+0000] {process_utils.py:190} INFO -     Not uninstalling boto3 at /home/***/.local/lib/python3.8/site-packages, outside environment /tmp/venvin5hz7s3
[2024-11-18T18:04:49.288+0000] {process_utils.py:190} INFO -     Can't uninstall 'boto3'. No files were found to uninstall.
[2024-11-18T18:04:49.320+0000] {process_utils.py:190} INFO - ERROR: pip's dependency resolver does not currently take into account all the packages that are installed. This behaviour is the source of the following dependency conflicts.
[2024-11-18T18:04:49.320+0000] {process_utils.py:190} INFO - aiobotocore 2.9.0 requires botocore<1.33.14,>=1.33.2, but you have botocore 1.31.85 which is incompatible.
[2024-11-18T18:04:49.320+0000] {process_utils.py:190} INFO - Successfully installed boto3-1.28.0 botocore-1.31.85 s3transfer-0.6.2
[2024-11-18T18:04:49.395+0000] {process_utils.py:190} INFO - 
[2024-11-18T18:04:49.396+0000] {process_utils.py:190} INFO - [notice] A new release of pip is available: 23.3.1 -> 24.3.1
[2024-11-18T18:04:49.396+0000] {process_utils.py:190} INFO - [notice] To update, run: python -m pip install --upgrade pip
[2024-11-18T18:04:49.544+0000] {process_utils.py:182} INFO - Executing cmd: /tmp/venvin5hz7s3/bin/python /tmp/venv-calln2z23105/script.py /tmp/venv-calln2z23105/script.in /tmp/venv-calln2z23105/script.out /tmp/venv-calln2z23105/string_args.txt /tmp/venv-calln2z23105/termination.log
[2024-11-18T18:04:49.548+0000] {process_utils.py:186} INFO - Output:
[2024-11-18T18:04:51.503+0000] {python.py:201} INFO - Done. Returned value was: Data preprocessed and saved.
[2024-11-18T18:04:51.517+0000] {taskinstance.py:1138} INFO - Marking task as SUCCESS. dag_id=spotify_recommender_dag_v3, task_id=preprocess_and_split, execution_date=20241117T000000, start_date=20241118T180444, end_date=20241118T180451
[2024-11-18T18:04:51.536+0000] {local_task_job_runner.py:234} INFO - Task exited with return code 0
[2024-11-18T18:04:51.544+0000] {taskinstance.py:3280} INFO - 0 downstream tasks scheduled from follow-on schedule check
[2024-11-18T18:33:04.292+0000] {taskinstance.py:1956} INFO - Dependencies all met for dep_context=non-requeueable deps ti=<TaskInstance: spotify_recommender_dag_v3.preprocess_and_split scheduled__2024-11-17T00:00:00+00:00 [queued]>
[2024-11-18T18:33:04.297+0000] {taskinstance.py:1956} INFO - Dependencies all met for dep_context=requeueable deps ti=<TaskInstance: spotify_recommender_dag_v3.preprocess_and_split scheduled__2024-11-17T00:00:00+00:00 [queued]>
[2024-11-18T18:33:04.297+0000] {taskinstance.py:2170} INFO - Starting attempt 1 of 2
[2024-11-18T18:33:04.303+0000] {taskinstance.py:2191} INFO - Executing <Task(_PythonVirtualenvDecoratedOperator): preprocess_and_split> on 2024-11-17 00:00:00+00:00
[2024-11-18T18:33:04.305+0000] {standard_task_runner.py:60} INFO - Started process 17725 to run task
[2024-11-18T18:33:04.307+0000] {standard_task_runner.py:87} INFO - Running: ['***', 'tasks', 'run', 'spotify_recommender_dag_v3', 'preprocess_and_split', 'scheduled__2024-11-17T00:00:00+00:00', '--job-id', '95', '--raw', '--subdir', 'DAGS_FOLDER/music_process.py', '--cfg-path', '/tmp/tmp2hzieycz']
[2024-11-18T18:33:04.308+0000] {standard_task_runner.py:88} INFO - Job 95: Subtask preprocess_and_split
[2024-11-18T18:33:04.334+0000] {task_command.py:423} INFO - Running <TaskInstance: spotify_recommender_dag_v3.preprocess_and_split scheduled__2024-11-17T00:00:00+00:00 [running]> on host 98017b53a184
[2024-11-18T18:33:04.968+0000] {taskinstance.py:2480} INFO - Exporting env vars: AIRFLOW_CTX_DAG_OWNER='Martín Horn' AIRFLOW_CTX_DAG_ID='spotify_recommender_dag_v3' AIRFLOW_CTX_TASK_ID='preprocess_and_split' AIRFLOW_CTX_EXECUTION_DATE='2024-11-17T00:00:00+00:00' AIRFLOW_CTX_TRY_NUMBER='1' AIRFLOW_CTX_DAG_RUN_ID='scheduled__2024-11-17T00:00:00+00:00'
[2024-11-18T18:33:04.969+0000] {process_utils.py:182} INFO - Executing cmd: /usr/local/bin/python -m virtualenv /tmp/venvhjm4hsq0 --system-site-packages --python=python
[2024-11-18T18:33:04.974+0000] {process_utils.py:186} INFO - Output:
[2024-11-18T18:33:05.352+0000] {process_utils.py:190} INFO - created virtual environment CPython3.8.18.final.0-64 in 166ms
[2024-11-18T18:33:05.353+0000] {process_utils.py:190} INFO -   creator CPython3Posix(dest=/tmp/venvhjm4hsq0, clear=False, no_vcs_ignore=False, global=True)
[2024-11-18T18:33:05.353+0000] {process_utils.py:190} INFO -   seeder FromAppData(download=False, pip=bundle, setuptools=bundle, wheel=bundle, via=copy, app_data_dir=/home/***/.local/share/virtualenv)
[2024-11-18T18:33:05.353+0000] {process_utils.py:190} INFO -     added seed packages: pip==24.2, setuptools==75.2.0, wheel==0.44.0
[2024-11-18T18:33:05.353+0000] {process_utils.py:190} INFO -   activators BashActivator,CShellActivator,FishActivator,NushellActivator,PowerShellActivator,PythonActivator
[2024-11-18T18:33:05.370+0000] {process_utils.py:182} INFO - Executing cmd: /tmp/venvhjm4hsq0/bin/pip install -r /tmp/venvhjm4hsq0/requirements.txt
[2024-11-18T18:33:05.374+0000] {process_utils.py:186} INFO - Output:
[2024-11-18T18:33:06.239+0000] {process_utils.py:190} INFO - Collecting boto3==1.28.0 (from -r /tmp/venvhjm4hsq0/requirements.txt (line 1))
[2024-11-18T18:33:06.241+0000] {process_utils.py:190} INFO -   Using cached boto3-1.28.0-py3-none-any.whl.metadata (6.6 kB)
[2024-11-18T18:33:06.242+0000] {process_utils.py:190} INFO - Requirement already satisfied: pandas==2.0.3 in /home/***/.local/lib/python3.8/site-packages (from -r /tmp/venvhjm4hsq0/requirements.txt (line 2)) (2.0.3)
[2024-11-18T18:33:06.242+0000] {process_utils.py:190} INFO - Requirement already satisfied: scikit-learn==1.3.2 in /home/***/.local/lib/python3.8/site-packages (from -r /tmp/venvhjm4hsq0/requirements.txt (line 3)) (1.3.2)
[2024-11-18T18:33:06.633+0000] {process_utils.py:190} INFO - Collecting botocore<1.32.0,>=1.31.0 (from boto3==1.28.0->-r /tmp/venvhjm4hsq0/requirements.txt (line 1))
[2024-11-18T18:33:06.634+0000] {process_utils.py:190} INFO -   Using cached botocore-1.31.85-py3-none-any.whl.metadata (6.1 kB)
[2024-11-18T18:33:06.636+0000] {process_utils.py:190} INFO - Requirement already satisfied: jmespath<2.0.0,>=0.7.1 in /home/***/.local/lib/python3.8/site-packages (from boto3==1.28.0->-r /tmp/venvhjm4hsq0/requirements.txt (line 1)) (0.10.0)
[2024-11-18T18:33:06.654+0000] {process_utils.py:190} INFO - Collecting s3transfer<0.7.0,>=0.6.0 (from boto3==1.28.0->-r /tmp/venvhjm4hsq0/requirements.txt (line 1))
[2024-11-18T18:33:06.655+0000] {process_utils.py:190} INFO -   Using cached s3transfer-0.6.2-py3-none-any.whl.metadata (1.8 kB)
[2024-11-18T18:33:06.677+0000] {process_utils.py:190} INFO - Requirement already satisfied: python-dateutil>=2.8.2 in /home/***/.local/lib/python3.8/site-packages (from pandas==2.0.3->-r /tmp/venvhjm4hsq0/requirements.txt (line 2)) (2.8.2)
[2024-11-18T18:33:06.677+0000] {process_utils.py:190} INFO - Requirement already satisfied: pytz>=2020.1 in /home/***/.local/lib/python3.8/site-packages (from pandas==2.0.3->-r /tmp/venvhjm4hsq0/requirements.txt (line 2)) (2023.3.post1)
[2024-11-18T18:33:06.678+0000] {process_utils.py:190} INFO - Requirement already satisfied: tzdata>=2022.1 in /home/***/.local/lib/python3.8/site-packages (from pandas==2.0.3->-r /tmp/venvhjm4hsq0/requirements.txt (line 2)) (2023.4)
[2024-11-18T18:33:06.678+0000] {process_utils.py:190} INFO - Requirement already satisfied: numpy>=1.20.3 in /home/***/.local/lib/python3.8/site-packages (from pandas==2.0.3->-r /tmp/venvhjm4hsq0/requirements.txt (line 2)) (1.24.4)
[2024-11-18T18:33:06.683+0000] {process_utils.py:190} INFO - Requirement already satisfied: scipy>=1.5.0 in /home/***/.local/lib/python3.8/site-packages (from scikit-learn==1.3.2->-r /tmp/venvhjm4hsq0/requirements.txt (line 3)) (1.10.1)
[2024-11-18T18:33:06.683+0000] {process_utils.py:190} INFO - Requirement already satisfied: joblib>=1.1.1 in /home/***/.local/lib/python3.8/site-packages (from scikit-learn==1.3.2->-r /tmp/venvhjm4hsq0/requirements.txt (line 3)) (1.4.2)
[2024-11-18T18:33:06.683+0000] {process_utils.py:190} INFO - Requirement already satisfied: threadpoolctl>=2.0.0 in /home/***/.local/lib/python3.8/site-packages (from scikit-learn==1.3.2->-r /tmp/venvhjm4hsq0/requirements.txt (line 3)) (3.5.0)
[2024-11-18T18:33:06.684+0000] {process_utils.py:190} INFO - Requirement already satisfied: urllib3<1.27,>=1.25.4 in /home/***/.local/lib/python3.8/site-packages (from botocore<1.32.0,>=1.31.0->boto3==1.28.0->-r /tmp/venvhjm4hsq0/requirements.txt (line 1)) (1.26.18)
[2024-11-18T18:33:06.687+0000] {process_utils.py:190} INFO - Requirement already satisfied: six>=1.5 in /home/***/.local/lib/python3.8/site-packages (from python-dateutil>=2.8.2->pandas==2.0.3->-r /tmp/venvhjm4hsq0/requirements.txt (line 2)) (1.16.0)
[2024-11-18T18:33:06.786+0000] {process_utils.py:190} INFO - Using cached boto3-1.28.0-py3-none-any.whl (135 kB)
[2024-11-18T18:33:06.787+0000] {process_utils.py:190} INFO - Using cached botocore-1.31.85-py3-none-any.whl (11.3 MB)
[2024-11-18T18:33:06.792+0000] {process_utils.py:190} INFO - Using cached s3transfer-0.6.2-py3-none-any.whl (79 kB)
[2024-11-18T18:33:07.535+0000] {process_utils.py:190} INFO - Installing collected packages: botocore, s3transfer, boto3
[2024-11-18T18:33:07.536+0000] {process_utils.py:190} INFO -   Attempting uninstall: botocore
[2024-11-18T18:33:07.536+0000] {process_utils.py:190} INFO -     Found existing installation: botocore 1.35.44
[2024-11-18T18:33:07.536+0000] {process_utils.py:190} INFO -     Not uninstalling botocore at /home/***/.local/lib/python3.8/site-packages, outside environment /tmp/venvhjm4hsq0
[2024-11-18T18:33:07.536+0000] {process_utils.py:190} INFO -     Can't uninstall 'botocore'. No files were found to uninstall.
[2024-11-18T18:33:07.972+0000] {process_utils.py:190} INFO -   Attempting uninstall: s3transfer
[2024-11-18T18:33:07.973+0000] {process_utils.py:190} INFO -     Found existing installation: s3transfer 0.10.3
[2024-11-18T18:33:07.974+0000] {process_utils.py:190} INFO -     Not uninstalling s3transfer at /home/***/.local/lib/python3.8/site-packages, outside environment /tmp/venvhjm4hsq0
[2024-11-18T18:33:07.974+0000] {process_utils.py:190} INFO -     Can't uninstall 's3transfer'. No files were found to uninstall.
[2024-11-18T18:33:07.995+0000] {process_utils.py:190} INFO -   Attempting uninstall: boto3
[2024-11-18T18:33:07.996+0000] {process_utils.py:190} INFO -     Found existing installation: boto3 1.35.44
[2024-11-18T18:33:07.996+0000] {process_utils.py:190} INFO -     Not uninstalling boto3 at /home/***/.local/lib/python3.8/site-packages, outside environment /tmp/venvhjm4hsq0
[2024-11-18T18:33:07.996+0000] {process_utils.py:190} INFO -     Can't uninstall 'boto3'. No files were found to uninstall.
[2024-11-18T18:33:08.025+0000] {process_utils.py:190} INFO - ERROR: pip's dependency resolver does not currently take into account all the packages that are installed. This behaviour is the source of the following dependency conflicts.
[2024-11-18T18:33:08.026+0000] {process_utils.py:190} INFO - aiobotocore 2.9.0 requires botocore<1.33.14,>=1.33.2, but you have botocore 1.31.85 which is incompatible.
[2024-11-18T18:33:08.026+0000] {process_utils.py:190} INFO - Successfully installed boto3-1.28.0 botocore-1.31.85 s3transfer-0.6.2
[2024-11-18T18:33:08.093+0000] {process_utils.py:190} INFO - 
[2024-11-18T18:33:08.094+0000] {process_utils.py:190} INFO - [notice] A new release of pip is available: 24.2 -> 24.3.1
[2024-11-18T18:33:08.094+0000] {process_utils.py:190} INFO - [notice] To update, run: python -m pip install --upgrade pip
[2024-11-18T18:33:08.192+0000] {process_utils.py:182} INFO - Executing cmd: /tmp/venvhjm4hsq0/bin/python /tmp/venv-call4egpsmgj/script.py /tmp/venv-call4egpsmgj/script.in /tmp/venv-call4egpsmgj/script.out /tmp/venv-call4egpsmgj/string_args.txt /tmp/venv-call4egpsmgj/termination.log
[2024-11-18T18:33:08.196+0000] {process_utils.py:186} INFO - Output:
[2024-11-18T18:33:10.142+0000] {python.py:201} INFO - Done. Returned value was: Data preprocessed and saved.
[2024-11-18T18:33:10.176+0000] {taskinstance.py:1138} INFO - Marking task as SUCCESS. dag_id=spotify_recommender_dag_v3, task_id=preprocess_and_split, execution_date=20241117T000000, start_date=20241118T183304, end_date=20241118T183310
[2024-11-18T18:33:10.207+0000] {local_task_job_runner.py:234} INFO - Task exited with return code 0
[2024-11-18T18:33:10.216+0000] {taskinstance.py:3280} INFO - 0 downstream tasks scheduled from follow-on schedule check
